mode: set
github.com/joevtap/golibs/auth/auth.go:21.35,23.2 1 1
github.com/joevtap/golibs/auth/auth.go:32.89,33.25 1 1
github.com/joevtap/golibs/auth/auth.go:33.25,35.3 1 1
github.com/joevtap/golibs/auth/auth.go:37.2,45.39 3 1
github.com/joevtap/golibs/auth/auth.go:45.39,47.3 1 1
github.com/joevtap/golibs/auth/auth.go:49.2,49.37 1 1
github.com/joevtap/golibs/auth/auth.go:57.88,60.19 2 1
github.com/joevtap/golibs/auth/auth.go:60.19,62.3 1 1
github.com/joevtap/golibs/auth/auth.go:64.2,64.55 1 1
github.com/joevtap/golibs/auth/auth.go:72.66,73.77 1 1
github.com/joevtap/golibs/auth/auth.go:73.77,74.58 1 1
github.com/joevtap/golibs/auth/auth.go:74.58,76.4 1 1
github.com/joevtap/golibs/auth/auth.go:78.3,78.23 1 1
github.com/joevtap/golibs/auth/auth.go:83.55,86.55 2 1
github.com/joevtap/golibs/auth/auth.go:86.55,88.3 1 1
github.com/joevtap/golibs/auth/auth.go:90.2,90.18 1 1
github.com/joevtap/golibs/auth/auth.go:94.70,99.2 3 1
github.com/joevtap/golibs/auth/auth.go:104.56,107.2 2 1
github.com/joevtap/golibs/auth/auth.go:110.61,113.2 2 1
github.com/joevtap/golibs/auth/whitelist.go:21.48,29.2 2 0
github.com/joevtap/golibs/auth/whitelist.go:32.31,34.2 1 0
github.com/joevtap/golibs/auth/whitelist.go:37.30,39.2 1 0
github.com/joevtap/golibs/auth/whitelist.go:41.89,43.2 1 0
github.com/joevtap/golibs/auth/whitelist.go:46.75,48.2 1 0
github.com/joevtap/golibs/auth/whitelist.go:51.90,53.2 1 0
github.com/joevtap/golibs/auth/whitelist.go:56.94,58.2 1 0
github.com/joevtap/golibs/auth/whitelist.go:61.90,63.2 1 0
github.com/joevtap/golibs/auth/whitelist.go:66.84,68.2 1 0
github.com/joevtap/golibs/auth/whitelist.go:71.98,73.2 1 0
github.com/joevtap/golibs/auth/whitelist.go:76.68,78.2 1 0
