mode: set
github.com/joevtap/golibs/authutils/authutils.go:13.88,14.14 1 1
github.com/joevtap/golibs/authutils/authutils.go:14.14,16.3 1 1
github.com/joevtap/golibs/authutils/authutils.go:18.2,25.39 3 1
github.com/joevtap/golibs/authutils/authutils.go:25.39,27.3 1 1
github.com/joevtap/golibs/authutils/authutils.go:29.2,29.43 1 1
github.com/joevtap/golibs/authutils/authutils.go:32.66,33.77 1 1
github.com/joevtap/golibs/authutils/authutils.go:33.77,34.58 1 1
github.com/joevtap/golibs/authutils/authutils.go:34.58,36.4 1 1
github.com/joevtap/golibs/authutils/authutils.go:38.3,38.29 1 1
github.com/joevtap/golibs/authutils/authutils.go:42.53,45.55 2 1
github.com/joevtap/golibs/authutils/authutils.go:45.55,47.3 1 1
github.com/joevtap/golibs/authutils/authutils.go:49.2,49.18 1 1
github.com/joevtap/golibs/authutils/authutils.go:52.59,57.2 3 1
